#
# There is insufficient memory for the Java Runtime Environment to continue.
# Native memory allocation (malloc) failed to allocate 3020816 bytes for Chunk::new
# Possible reasons:
#   The system is out of physical RAM or swap space
#   In 32 bit mode, the process size limit was hit
# Possible solutions:
#   Reduce memory load on the system
#   Increase physical memory or swap space
#   Check if swap backing store is full
#   Use 64 bit Java on a 64 bit OS
#   Decrease Java heap size (-Xmx/-Xms)
#   Decrease number of Java threads
#   Decrease Java thread stack sizes (-Xss)
#   Set larger code cache with -XX:ReservedCodeCacheSize=
# This output file may be truncated or incomplete.
#
#  Out of Memory Error (allocation.cpp:390), pid=27768, tid=0x0000000000004e08
#
# JRE version: Java(TM) SE Runtime Environment (8.0_161-b12) (build 1.8.0_161-b12)
# Java VM: Java HotSpot(TM) 64-Bit Server VM (25.161-b12 mixed mode windows-amd64 compressed oops)
# Failed to write core dump. Minidumps are not enabled by default on client versions of Windows
#

---------------  T H R E A D  ---------------

Current thread (0x0000000016685800):  JavaThread "C2 CompilerThread1" daemon [_thread_in_native, id=19976, stack(0x0000000016dd0000,0x0000000016ed0000)]

Stack: [0x0000000016dd0000,0x0000000016ed0000]
[error occurred during error reporting (printing stack bounds), id 0xc0000005]

Native frames: (J=compiled Java code, j=interpreted, Vv=VM code, C=native code)


Current CompileTask:
C2:   1608  484 %     4       org.eclipse.jdt.launching.internal.org.objectweb.asm.ClassReader::readCode @ 2165 (5071 bytes)


---------------  P R O C E S S  ---------------

Java Threads: ( => current thread )
  0x000000001723d000 JavaThread "mysql-cj-abandoned-connection-cleanup" daemon [_thread_blocked, id=29584, stack(0x00000000179d0000,0x0000000017ad0000)]
  0x0000000016762800 JavaThread "Service Thread" daemon [_thread_blocked, id=26856, stack(0x0000000016fd0000,0x00000000170d0000)]
  0x000000001667b000 JavaThread "C1 CompilerThread2" daemon [_thread_blocked, id=13304, stack(0x0000000016ed0000,0x0000000016fd0000)]
=>0x0000000016685800 JavaThread "C2 CompilerThread1" daemon [_thread_in_native, id=19976, stack(0x0000000016dd0000,0x0000000016ed0000)]
  0x0000000016685000 JavaThread "C2 CompilerThread0" daemon [_thread_in_native, id=29916, stack(0x0000000016cd0000,0x0000000016dd0000)]
  0x00000000165e4800 JavaThread "JDWP Command Reader" daemon [_thread_in_native, id=20144, stack(0x0000000016bd0000,0x0000000016cd0000)]
  0x00000000165e3000 JavaThread "JDWP Event Helper Thread" daemon [_thread_blocked, id=16628, stack(0x0000000016ad0000,0x0000000016bd0000)]
  0x00000000165d6000 JavaThread "JDWP Transport Listener: dt_socket" daemon [_thread_blocked, id=28752, stack(0x00000000169d0000,0x0000000016ad0000)]
  0x00000000150ca000 JavaThread "Attach Listener" daemon [_thread_blocked, id=15376, stack(0x00000000164d0000,0x00000000165d0000)]
  0x00000000150c9800 JavaThread "Signal Dispatcher" daemon [_thread_blocked, id=9860, stack(0x00000000163d0000,0x00000000164d0000)]
  0x000000001505a800 JavaThread "Finalizer" daemon [_thread_blocked, id=26928, stack(0x00000000162d0000,0x00000000163d0000)]
  0x0000000002ae3000 JavaThread "Reference Handler" daemon [_thread_blocked, id=3748, stack(0x00000000161d0000,0x00000000162d0000)]
  0x000000000068e800 JavaThread "main" [_thread_in_Java, id=29176, stack(0x00000000027c0000,0x00000000028c0000)]

Other Threads:
  0x0000000015038000 VMThread [stack: 0x00000000160d0000,0x00000000161d0000] [id=19860]
  0x0000000016763000 WatcherThread [stack: 0x00000000170d0000,0x00000000171d0000] [id=28656]

VM state:not at safepoint (normal execution)

VM Mutex/Monitor currently owned by a thread: None

Heap:
 PSYoungGen      total 18432K, used 9630K [0x00000000eb600000, 0x00000000eca80000, 0x0000000100000000)
  eden space 15872K, 44% used [0x00000000eb600000,0x00000000ebcef538,0x00000000ec580000)
  from space 2560K, 98% used [0x00000000ec580000,0x00000000ec7f8520,0x00000000ec800000)
  to   space 2560K, 0% used [0x00000000ec800000,0x00000000ec800000,0x00000000eca80000)
 ParOldGen       total 42496K, used 113K [0x00000000c2200000, 0x00000000c4b80000, 0x00000000eb600000)
  object space 42496K, 0% used [0x00000000c2200000,0x00000000c221c620,0x00000000c4b80000)
 Metaspace       used 8015K, capacity 8176K, committed 8448K, reserved 1056768K
  class space    used 857K, capacity 908K, committed 1024K, reserved 1048576K

Card table byte_map: [0x0000000011eb0000,0x00000000120a0000] byte_map_base: 0x000000001189f000

Marking Bits: (ParMarkBitMap*) 0x000000007285f860
 Begin Bits: [0x00000000125f0000, 0x0000000013568000)
 End Bits:   [0x0000000013568000, 0x00000000144e0000)

Polling page: 0x0000000000670000

CodeCache: size=245760Kb used=2968Kb max_used=2968Kb free=242791Kb
 bounds [0x0000000002af0000, 0x0000000002de0000, 0x0000000011af0000]
 total_blobs=909 nmethods=587 adapters=243
 compilation: enabled

Compilation events (10 events):
Event: 1.576 Thread 0x000000001667b000  585       3       java.util.zip.ZipCoder::getBytes (192 bytes)
Event: 1.579 Thread 0x000000001667b000 nmethod 585 0x0000000002dad150 code [0x0000000002dad520, 0x0000000002daf8b8]
Event: 1.586 Thread 0x000000001667b000  586       1       org.eclipse.jdt.launching.internal.org.objectweb.asm.MethodWriter::visitCode (1 bytes)
Event: 1.586 Thread 0x000000001667b000 nmethod 586 0x0000000002dacc90 code [0x0000000002dacde0, 0x0000000002dacef0]
Event: 1.586 Thread 0x000000001667b000  587       3       org.eclipse.jdt.launching.internal.org.objectweb.asm.ClassReader::accept (1253 bytes)
Event: 1.601 Thread 0x000000001667b000 nmethod 587 0x0000000002dbd650 code [0x0000000002dbe120, 0x0000000002dc6b68]
Event: 1.601 Thread 0x000000001667b000  590       3       java.net.URL::toExternalForm (9 bytes)
Event: 1.601 Thread 0x000000001667b000 nmethod 590 0x0000000002dd27d0 code [0x0000000002dd2940, 0x0000000002dd2b68]
Event: 1.601 Thread 0x000000001667b000  591       3       java.net.URLStreamHandler::toExternalForm (219 bytes)
Event: 1.604 Thread 0x000000001667b000 nmethod 591 0x0000000002dd2c10 code [0x0000000002dd2fc0, 0x0000000002dd6648]

GC Heap History (2 events):
Event: 1.288 GC heap before
{Heap before GC invocations=1 (full 0):
 PSYoungGen      total 18432K, used 15872K [0x00000000eb600000, 0x00000000eca80000, 0x0000000100000000)
  eden space 15872K, 100% used [0x00000000eb600000,0x00000000ec580000,0x00000000ec580000)
  from space 2560K, 0% used [0x00000000ec800000,0x00000000ec800000,0x00000000eca80000)
  to   space 2560K, 0% used [0x00000000ec580000,0x00000000ec580000,0x00000000ec800000)
 ParOldGen       total 42496K, used 0K [0x00000000c2200000, 0x00000000c4b80000, 0x00000000eb600000)
  object space 42496K, 0% used [0x00000000c2200000,0x00000000c2200000,0x00000000c4b80000)
 Metaspace       used 7290K, capacity 7504K, committed 7552K, reserved 1056768K
  class space    used 793K, capacity 876K, committed 896K, reserved 1048576K
Event: 1.343 GC heap after
Heap after GC invocations=1 (full 0):
 PSYoungGen      total 18432K, used 2529K [0x00000000eb600000, 0x00000000eca80000, 0x0000000100000000)
  eden space 15872K, 0% used [0x00000000eb600000,0x00000000eb600000,0x00000000ec580000)
  from space 2560K, 98% used [0x00000000ec580000,0x00000000ec7f8520,0x00000000ec800000)
  to   space 2560K, 0% used [0x00000000ec800000,0x00000000ec800000,0x00000000eca80000)
 ParOldGen       total 42496K, used 113K [0x00000000c2200000, 0x00000000c4b80000, 0x00000000eb600000)
  object space 42496K, 0% used [0x00000000c2200000,0x00000000c221c620,0x00000000c4b80000)
 Metaspace       used 7290K, capacity 7504K, committed 7552K, reserved 1056768K
  class space    used 793K, capacity 876K, committed 896K, reserved 1048576K
}

Deoptimization events (2 events):
Event: 0.883 Thread 0x000000001723d000 Uncommon trap: reason=unstable_if action=reinterpret pc=0x0000000002cac32c method=java.lang.String.indexOf([CII[CIII)I @ 3
Event: 1.044 Thread 0x000000000068e800 Uncommon trap: reason=unstable_if action=reinterpret pc=0x0000000002d1ec08 method=java.util.Properties.loadConvert([CII[C)Ljava/lang/String; @ 4

Classes redefined (0 events):
No events

Internal exceptions (8 events):
Event: 0.107 Thread 0x000000000068e800 Exception <a 'java/lang/NoSuchMethodError': Method sun.misc.Unsafe.defineClass(Ljava/lang/String;[BII)Ljava/lang/Class; name or signature does not match> (0x00000000eb607ca0) thrown at [C:\re\workspace\8-2-build-windows-amd64-cygwin\jdk8u161\10277\hotspot
Event: 0.108 Thread 0x000000000068e800 Exception <a 'java/lang/NoSuchMethodError': Method sun.misc.Unsafe.prefetchRead(Ljava/lang/Object;J)V name or signature does not match> (0x00000000eb607f88) thrown at [C:\re\workspace\8-2-build-windows-amd64-cygwin\jdk8u161\10277\hotspot\src\share\vm\prim
Event: 0.834 Thread 0x000000000068e800 Exception <a 'java/lang/NoSuchFieldError': method resolution failed> (0x00000000ebced950) thrown at [C:\re\workspace\8-2-build-windows-amd64-cygwin\jdk8u161\10277\hotspot\src\share\vm\prims\methodHandles.cpp, line 1167]
Event: 0.841 Thread 0x000000000068e800 Exception <a 'java/lang/NoSuchFieldError': method resolution failed> (0x00000000ebcfb7f8) thrown at [C:\re\workspace\8-2-build-windows-amd64-cygwin\jdk8u161\10277\hotspot\src\share\vm\prims\methodHandles.cpp, line 1167]
Event: 0.880 Thread 0x000000001723d000 Exception <a 'java/security/PrivilegedActionException'> (0x00000000ebde7520) thrown at [C:\re\workspace\8-2-build-windows-amd64-cygwin\jdk8u161\10277\hotspot\src\share\vm\prims\jvm.cpp, line 1390]
Event: 0.881 Thread 0x000000001723d000 Exception <a 'java/security/PrivilegedActionException'> (0x00000000ebde7730) thrown at [C:\re\workspace\8-2-build-windows-amd64-cygwin\jdk8u161\10277\hotspot\src\share\vm\prims\jvm.cpp, line 1390]
Event: 0.883 Thread 0x000000001723d000 Exception <a 'java/security/PrivilegedActionException'> (0x00000000ebdeb3a0) thrown at [C:\re\workspace\8-2-build-windows-amd64-cygwin\jdk8u161\10277\hotspot\src\share\vm\prims\jvm.cpp, line 1390]
Event: 0.883 Thread 0x000000001723d000 Exception <a 'java/security/PrivilegedActionException'> (0x00000000ebdeb5b0) thrown at [C:\re\workspace\8-2-build-windows-amd64-cygwin\jdk8u161\10277\hotspot\src\share\vm\prims\jvm.cpp, line 1390]

Events (10 events):
Event: 1.596 Thread 0x000000000068e800 DEOPT PACKING pc=0x0000000002c644b4 sp=0x00000000028bc490
Event: 1.596 Thread 0x000000000068e800 DEOPT UNPACKING pc=0x0000000002b37890 sp=0x00000000028bc2b0 mode 1
Event: 1.597 loading class com/mysql/cj/result/RowList
Event: 1.597 loading class com/mysql/cj/result/RowList done
Event: 1.598 Thread 0x000000000068e800 DEOPT PACKING pc=0x0000000002da3501 sp=0x00000000028b9cd0
Event: 1.598 Thread 0x000000000068e800 DEOPT UNPACKING pc=0x0000000002b37890 sp=0x00000000028b9a20 mode 1
Event: 1.598 Thread 0x000000000068e800 DEOPT PACKING pc=0x0000000002c6471c sp=0x00000000028b9d50
Event: 1.598 Thread 0x000000000068e800 DEOPT UNPACKING pc=0x0000000002b37890 sp=0x00000000028b9b70 mode 1
Event: 1.598 Thread 0x000000000068e800 DEOPT PACKING pc=0x0000000002c644b4 sp=0x00000000028b9ee0
Event: 1.598 Thread 0x000000000068e800 DEOPT UNPACKING pc=0x0000000002b37890 sp=0x00000000028b9d00 mode 1


Dynamic libraries:
0x00007ff6dfb30000 - 0x00007ff6dfb67000 	C:\Program Files\Java\jre1.8.0_161\bin\javaw.exe
0x00007ff91d9f0000 - 0x00007ff91dbd1000 	C:\WINDOWS\SYSTEM32\ntdll.dll
0x00007ff91b300000 - 0x00007ff91b3b1000 	C:\WINDOWS\System32\KERNEL32.DLL
0x00007ff91a530000 - 0x00007ff91a7a3000 	C:\WINDOWS\System32\KERNELBASE.dll
0x00007ff91ae80000 - 0x00007ff91af21000 	C:\WINDOWS\System32\ADVAPI32.dll
0x00007ff91be30000 - 0x00007ff91bece000 	C:\WINDOWS\System32\msvcrt.dll
0x00007ff91b640000 - 0x00007ff91b69b000 	C:\WINDOWS\System32\sechost.dll
0x00007ff91d890000 - 0x00007ff91d9b4000 	C:\WINDOWS\System32\RPCRT4.dll
0x00007ff91b110000 - 0x00007ff91b2a0000 	C:\WINDOWS\System32\USER32.dll
0x00007ff91a930000 - 0x00007ff91a950000 	C:\WINDOWS\System32\win32u.dll
0x00007ff91b6a0000 - 0x00007ff91b6c8000 	C:\WINDOWS\System32\GDI32.dll
0x00007ff91ac40000 - 0x00007ff91add2000 	C:\WINDOWS\System32\gdi32full.dll
0x00007ff91ade0000 - 0x00007ff91ae7f000 	C:\WINDOWS\System32\msvcp_win.dll
0x00007ff91ab40000 - 0x00007ff91ac38000 	C:\WINDOWS\System32\ucrtbase.dll
0x00007ff9059f0000 - 0x00007ff905c59000 	C:\WINDOWS\WinSxS\amd64_microsoft.windows.common-controls_6595b64144ccf1df_6.0.17134.765_none_fb42a1a930655896\COMCTL32.dll
0x00007ff91b9a0000 - 0x00007ff91bcc2000 	C:\WINDOWS\System32\combase.dll
0x00007ff91a8b0000 - 0x00007ff91a92a000 	C:\WINDOWS\System32\bcryptPrimitives.dll
0x00007ff91aff0000 - 0x00007ff91b01d000 	C:\WINDOWS\System32\IMM32.DLL
0x0000000071cb0000 - 0x0000000071d82000 	C:\Program Files\Java\jre1.8.0_161\bin\msvcr100.dll
0x0000000072040000 - 0x00000000728df000 	C:\Program Files\Java\jre1.8.0_161\bin\server\jvm.dll
0x00007ff91b630000 - 0x00007ff91b638000 	C:\WINDOWS\System32\PSAPI.DLL
0x00007ff8fbd80000 - 0x00007ff8fbd89000 	C:\WINDOWS\SYSTEM32\WSOCK32.dll
0x00007ff91b6d0000 - 0x00007ff91b73c000 	C:\WINDOWS\System32\WS2_32.dll
0x00007ff917db0000 - 0x00007ff917dd3000 	C:\WINDOWS\SYSTEM32\WINMM.dll
0x00007ff90dba0000 - 0x00007ff90dbaa000 	C:\WINDOWS\SYSTEM32\VERSION.dll
0x00007ff917a20000 - 0x00007ff917a4a000 	C:\WINDOWS\SYSTEM32\WINMMBASE.dll
0x00007ff91a860000 - 0x00007ff91a8a9000 	C:\WINDOWS\System32\cfgmgr32.dll
0x00000000731a0000 - 0x00000000731af000 	C:\Program Files\Java\jre1.8.0_161\bin\verify.dll
0x0000000071f30000 - 0x0000000071f59000 	C:\Program Files\Java\jre1.8.0_161\bin\java.dll
0x0000000071c70000 - 0x0000000071ca5000 	C:\Program Files\Java\jre1.8.0_161\bin\jdwp.dll
0x0000000072b00000 - 0x0000000072b08000 	C:\Program Files\Java\jre1.8.0_161\bin\npt.dll
0x0000000071c40000 - 0x0000000071c63000 	C:\Program Files\Java\jre1.8.0_161\bin\instrument.dll
0x0000000071f10000 - 0x0000000071f26000 	C:\Program Files\Java\jre1.8.0_161\bin\zip.dll
0x00007ff91c330000 - 0x00007ff91d770000 	C:\WINDOWS\System32\SHELL32.dll
0x00007ff91b8f0000 - 0x00007ff91b999000 	C:\WINDOWS\System32\shcore.dll
0x00007ff919e20000 - 0x00007ff91a52d000 	C:\WINDOWS\System32\windows.storage.dll
0x00007ff91af30000 - 0x00007ff91af81000 	C:\WINDOWS\System32\shlwapi.dll
0x00007ff919da0000 - 0x00007ff919db1000 	C:\WINDOWS\System32\kernel.appcore.dll
0x00007ff919d00000 - 0x00007ff919d1f000 	C:\WINDOWS\System32\profapi.dll
0x00007ff919d20000 - 0x00007ff919d6c000 	C:\WINDOWS\System32\powrprof.dll
0x00007ff919d90000 - 0x00007ff919d9a000 	C:\WINDOWS\System32\FLTLIB.DLL
0x0000000071c30000 - 0x0000000071c39000 	C:\Program Files\Java\jre1.8.0_161\bin\dt_socket.dll
0x00007ff8ffb10000 - 0x00007ff8ffb26000 	C:\WINDOWS\system32\napinsp.dll
0x00007ff8ffaf0000 - 0x00007ff8ffb0a000 	C:\WINDOWS\system32\pnrpnsp.dll
0x00007ff916600000 - 0x00007ff916619000 	C:\WINDOWS\system32\NLAapi.dll
0x00007ff919520000 - 0x00007ff919586000 	C:\WINDOWS\System32\mswsock.dll
0x00007ff9192e0000 - 0x00007ff91939e000 	C:\WINDOWS\SYSTEM32\DNSAPI.dll
0x00007ff91c320000 - 0x00007ff91c328000 	C:\WINDOWS\System32\NSI.dll
0x00007ff9192a0000 - 0x00007ff9192d8000 	C:\WINDOWS\SYSTEM32\IPHLPAPI.DLL
0x00007ff8ffae0000 - 0x00007ff8ffaee000 	C:\WINDOWS\System32\winrnr.dll
0x00007ff9111d0000 - 0x00007ff9111e5000 	C:\WINDOWS\System32\wshbth.dll
0x00007ff90ee10000 - 0x00007ff90ee82000 	C:\WINDOWS\System32\fwpuclnt.dll
0x00007ff919860000 - 0x00007ff919885000 	C:\WINDOWS\SYSTEM32\bcrypt.dll
0x00007ff90bc90000 - 0x00007ff90bc9a000 	C:\Windows\System32\rasadhlp.dll

VM Arguments:
jvm_args: -agentlib:jdwp=transport=dt_socket,suspend=y,address=localhost:61526 -javaagent:C:\Users\koyoungmi\eclipse\jee-2018-09\eclipse\configuration\org.eclipse.osgi\419\0\.cp\lib\javaagent-shaded.jar -Dfile.encoding=MS949 
java_command: database.Main
java_class_path (initial): C:\Users\koyoungmi\Desktop\Eclipse_work\javaDB\bin;C:\Users\koyoungmi\Desktop\mysql-connector-java-8.0.16\mysql-connector-java-8.0.16\mysql-connector-java-8.0.16.jar;C:\Users\koyoungmi\eclipse\jee-2018-09\eclipse\configuration\org.eclipse.osgi\419\0\.cp\lib\javaagent-shaded.jar
Launcher Type: SUN_STANDARD

Environment Variables:
JAVA_HOME=C:\Program Files\Java\jdk1.8.0_161
PATH=C:/Program Files/Java/jre1.8.0_161/bin/server;C:/Program Files/Java/jre1.8.0_161/bin;C:/Program Files/Java/jre1.8.0_161/lib/amd64;C:\ProgramData\Oracle\Java\javapath;C:\Program Files (x86)\Intel\iCLS Client\;C:\Program Files\Intel\iCLS Client\;C:\WINDOWS\system32;C:\WINDOWS;C:\WINDOWS\System32\Wbem;C:\WINDOWS\System32\WindowsPowerShell\v1.0\;C:\Program Files (x86)\Intel\Intel(R) Management Engine Components\DAL;C:\Program Files\Intel\Intel(R) Management Engine Components\DAL;C:\Program Files (x86)\Intel\Intel(R) Management Engine Components\IPT;C:\Program Files\Intel\Intel(R) Management Engine Components\IPT;C:\Program Files\Intel\WiFi\bin\;C:\Program Files\Common Files\Intel\WirelessCommon\;C:\WINDOWS\System32\OpenSSH\;C:\Program Files\Java\jdk1.8.0_161\bin;C:\Program Files\Git\cmd;C:\Users\koyoungmi\Anaconda3;C:\Users\koyoungmi\Anaconda3\Library\mingw-w64\bin;C:\Users\koyoungmi\Anaconda3\Library\usr\bin;C:\Users\koyoungmi\Anaconda3\Library\bin;C:\Users\koyoungmi\Anaconda3\Scripts;C:\Users\koyoungmi\AppData\Local\Microsoft\WindowsApps;C:\Users\koyoungmi\Desktop;
USERNAME=koyoungmi
OS=Windows_NT
PROCESSOR_IDENTIFIER=Intel64 Family 6 Model 78 Stepping 3, GenuineIntel



---------------  S Y S T E M  ---------------

OS: Windows 10.0 , 64 bit Build 17134 (10.0.17134.753)

CPU:total 4 (initial active 4) (2 cores per cpu, 2 threads per core) family 6 model 78 stepping 3, cmov, cx8, fxsr, mmx, sse, sse2, sse3, ssse3, sse4.1, sse4.2, popcnt, avx, avx2, aes, clmul, erms, 3dnowpref, lzcnt, ht, tsc, tscinvbit, bmi1, bmi2, adx

Memory: 4k page, physical 4054688k(621284k free), swap 15308416k(6324k free)

vm_info: Java HotSpot(TM) 64-Bit Server VM (25.161-b12) for windows-amd64 JRE (1.8.0_161-b12), built on Dec 19 2017 17:52:25 by "java_re" with MS VC++ 10.0 (VS2010)

time: Mon May 27 12:36:00 2019
elapsed time: 1 seconds (0d 0h 0m 1s)

