JvmtiExport can_access_local_variables 1
JvmtiExport can_hotswap_or_post_breakpoint 1
JvmtiExport can_post_on_exceptions 1
# 288 ciObject found
ciMethod java/lang/Object <init> ()V 4097 1 38514 0 96
ciMethod java/lang/String <init> ([CII)V 4097 1 5872 0 -1
ciMethod java/lang/String charAt (I)C 4097 1 171122 0 -1
ciMethod java/lang/String equals (Ljava/lang/Object;)Z 4097 10057 21120 0 -1
ciMethod java/lang/String hashCode ()I 2833 32769 3733 0 352
ciMethod java/lang/System arraycopy (Ljava/lang/Object;ILjava/lang/Object;II)V 70657 1 8832 0 -1
ciMethod java/lang/Float valueOf (F)Ljava/lang/Float; 17 1 2 0 -1
ciMethod java/lang/Float intBitsToFloat (I)F 9 1 1 0 -1
ciMethod java/lang/Double valueOf (D)Ljava/lang/Double; 9 1 1 0 -1
ciMethod java/lang/Double longBitsToDouble (J)D 41 1 5 0 -1
ciMethod java/lang/Integer valueOf (I)Ljava/lang/Integer; 721 1 96 0 -1
ciMethod java/lang/Long valueOf (J)Ljava/lang/Long; 105 1 22 0 -1
ciMethod java/lang/Math max (II)I 4097 1 3369 0 -1
ciMethodData java/lang/Object <init> ()V 2 38520 orig 264 152 82 98 114 0 0 0 0 104 4 249 20 0 0 0 0 32 1 0 0 0 0 0 0 0 0 0 0 0 0 0 0 0 0 0 0 0 0 0 0 0 0 0 0 0 0 0 0 0 0 0 0 0 0 0 0 0 0 0 0 0 0 0 0 0 0 0 0 0 0 0 0 0 0 0 0 0 0 0 0 77 68 79 32 101 120 116 114 97 32 100 97 116 97 32 108 111 99 107 0 0 0 0 0 0 0 0 0 0 0 0 0 0 0 0 0 0 0 0 0 0 0 0 0 0 0 0 0 0 0 0 0 0 0 0 0 0 0 0 0 0 0 0 0 0 0 0 0 0 0 0 0 0 0 0 0 0 0 0 0 0 0 0 0 0 0 0 0 0 0 0 0 0 0 0 0 0 0 0 0 0 0 0 0 0 0 0 0 0 0 0 0 0 0 0 0 0 0 0 0 0 0 0 0 0 0 0 0 0 0 0 0 0 0 0 0 0 2 0 0 193 163 4 0 1 0 0 0 0 0 0 0 0 0 0 0 2 0 0 0 0 0 0 0 0 0 0 0 0 0 0 0 255 255 255 255 0 0 0 0 0 0 0 0 data 0 oops 0
ciMethodData java/lang/String hashCode ()I 2 42069 orig 264 152 82 98 114 0 0 0 0 192 77 249 20 0 0 0 0 152 1 0 0 32 0 0 0 0 0 0 0 0 0 0 0 0 0 0 0 0 0 0 0 0 0 0 0 0 0 0 0 0 0 0 0 0 0 0 0 0 0 0 0 0 0 0 0 0 0 0 0 0 0 0 0 0 0 0 0 0 0 0 0 77 68 79 32 101 120 116 114 97 32 100 97 116 97 32 108 111 99 107 0 0 0 0 0 0 0 0 0 0 0 0 0 0 0 0 0 0 0 0 0 0 0 0 0 0 0 0 0 0 0 0 0 0 0 0 0 0 0 0 0 0 0 0 0 0 0 0 0 0 0 0 0 0 0 0 0 0 0 0 0 0 0 0 0 0 0 0 0 0 0 0 0 0 0 0 0 0 0 0 0 0 0 0 0 0 0 0 0 0 0 0 0 0 0 0 0 0 0 0 0 0 0 0 0 0 0 0 0 0 0 0 0 0 0 0 0 0 16 0 0 153 105 0 0 169 162 4 0 0 0 0 0 0 0 0 0 2 0 0 0 0 0 0 0 0 0 0 0 120 0 0 0 255 255 255 255 7 0 6 0 0 0 0 0 data 15 0x60007 0x7db 0x78 0x558 0xe0007 0x1 0x58 0x557 0x1e0007 0x557 0x38 0x941e 0x2d0003 0x941e 0xffffffffffffffe0 oops 0
ciMethod org/eclipse/jdt/launching/internal/org/objectweb/asm/ClassReader readCode (Lorg/eclipse/jdt/launching/internal/org/objectweb/asm/MethodVisitor;Lorg/eclipse/jdt/launching/internal/org/objectweb/asm/Context;I)V 913 56425 462 0 -1
ciMethod org/eclipse/jdt/launching/internal/org/objectweb/asm/ClassReader readLabel (I[Lorg/eclipse/jdt/launching/internal/org/objectweb/asm/Label;)Lorg/eclipse/jdt/launching/internal/org/objectweb/asm/Label; 1809 1 5901 0 0
ciMethod org/eclipse/jdt/launching/internal/org/objectweb/asm/ClassReader createLabel (I[Lorg/eclipse/jdt/launching/internal/org/objectweb/asm/Label;)Lorg/eclipse/jdt/launching/internal/org/objectweb/asm/Label; 3289 1 3391 0 0
ciMethod org/eclipse/jdt/launching/internal/org/objectweb/asm/ClassReader createDebugLabel (I[Lorg/eclipse/jdt/launching/internal/org/objectweb/asm/Label;)V 2217 1 5842 0 -1
ciMethod org/eclipse/jdt/launching/internal/org/objectweb/asm/ClassReader readTypeAnnotations (Lorg/eclipse/jdt/launching/internal/org/objectweb/asm/MethodVisitor;Lorg/eclipse/jdt/launching/internal/org/objectweb/asm/Context;IZ)[I 0 0 1 0 -1
ciMethod org/eclipse/jdt/launching/internal/org/objectweb/asm/ClassReader getTypeAnnotationBytecodeOffset ([II)I 1937 1 924 0 0
ciMethod org/eclipse/jdt/launching/internal/org/objectweb/asm/ClassReader readTypeAnnotationTarget (Lorg/eclipse/jdt/launching/internal/org/objectweb/asm/Context;I)I 0 0 1 0 -1
ciMethod org/eclipse/jdt/launching/internal/org/objectweb/asm/ClassReader readElementValues (Lorg/eclipse/jdt/launching/internal/org/objectweb/asm/AnnotationVisitor;IZ[C)I 0 0 4 0 -1
ciMethod org/eclipse/jdt/launching/internal/org/objectweb/asm/ClassReader computeImplicitFrame (Lorg/eclipse/jdt/launching/internal/org/objectweb/asm/Context;)V 0 0 1 0 -1
ciMethod org/eclipse/jdt/launching/internal/org/objectweb/asm/ClassReader readStackMapFrame (IZZLorg/eclipse/jdt/launching/internal/org/objectweb/asm/Context;)I 1393 1473 1137 0 -1
ciMethod org/eclipse/jdt/launching/internal/org/objectweb/asm/ClassReader readVerificationTypeInfo (I[Ljava/lang/Object;I[C[Lorg/eclipse/jdt/launching/internal/org/objectweb/asm/Label;)I 4097 1 1741 0 -1
ciMethod org/eclipse/jdt/launching/internal/org/objectweb/asm/ClassReader readAttribute ([Lorg/eclipse/jdt/launching/internal/org/objectweb/asm/Attribute;Ljava/lang/String;II[CI[Lorg/eclipse/jdt/launching/internal/org/objectweb/asm/Label;)Lorg/eclipse/jdt/launching/internal/org/objectweb/asm/Attribute; 0 0 1 0 -1
ciMethod org/eclipse/jdt/launching/internal/org/objectweb/asm/ClassReader readByte (I)I 177 1 38 0 0
ciMethod org/eclipse/jdt/launching/internal/org/objectweb/asm/ClassReader readUnsignedShort (I)I 2105 1 43906 0 192
ciMethod org/eclipse/jdt/launching/internal/org/objectweb/asm/ClassReader readShort (I)S 2185 1 2523 0 0
ciMethod org/eclipse/jdt/launching/internal/org/objectweb/asm/ClassReader readInt (I)I 2057 1 1417 0 224
ciMethod org/eclipse/jdt/launching/internal/org/objectweb/asm/ClassReader readLong (I)J 97 1 21 0 -1
ciMethod org/eclipse/jdt/launching/internal/org/objectweb/asm/ClassReader readUTF8 (I[C)Ljava/lang/String; 4097 1 21823 0 1152
ciMethod org/eclipse/jdt/launching/internal/org/objectweb/asm/ClassReader readUTF (I[C)Ljava/lang/String; 4097 1 8159 0 992
ciMethod org/eclipse/jdt/launching/internal/org/objectweb/asm/ClassReader readUTF (II[C)Ljava/lang/String; 1097 17649 1224 0 3296
ciMethod org/eclipse/jdt/launching/internal/org/objectweb/asm/ClassReader readStringish (I[C)Ljava/lang/String; 2177 1 6607 0 0
ciMethod org/eclipse/jdt/launching/internal/org/objectweb/asm/ClassReader readClass (I[C)Ljava/lang/String; 2153 1 6578 0 0
ciMethod org/eclipse/jdt/launching/internal/org/objectweb/asm/ClassReader readConstantDynamic (I[C)Lorg/eclipse/jdt/launching/internal/org/objectweb/asm/ConstantDynamic; 0 0 1 0 -1
ciMethod org/eclipse/jdt/launching/internal/org/objectweb/asm/ClassReader readConst (I[C)Ljava/lang/Object; 1721 1 933 0 0
ciMethod org/eclipse/jdt/launching/internal/org/objectweb/asm/MethodVisitor visitAttribute (Lorg/eclipse/jdt/launching/internal/org/objectweb/asm/Attribute;)V 0 0 1 0 -1
ciMethod org/eclipse/jdt/launching/internal/org/objectweb/asm/MethodVisitor visitFrame (II[Ljava/lang/Object;I[Ljava/lang/Object;)V 0 0 1 0 -1
ciMethod org/eclipse/jdt/launching/internal/org/objectweb/asm/MethodVisitor visitInsn (I)V 0 0 1 0 -1
ciMethod org/eclipse/jdt/launching/internal/org/objectweb/asm/MethodVisitor visitIntInsn (II)V 0 0 1 0 -1
ciMethod org/eclipse/jdt/launching/internal/org/objectweb/asm/MethodVisitor visitVarInsn (II)V 0 0 1 0 -1
ciMethod org/eclipse/jdt/launching/internal/org/objectweb/asm/MethodVisitor visitTypeInsn (ILjava/lang/String;)V 0 0 1 0 -1
ciMethod org/eclipse/jdt/launching/internal/org/objectweb/asm/MethodVisitor visitFieldInsn (ILjava/lang/String;Ljava/lang/String;Ljava/lang/String;)V 0 0 1 0 -1
ciMethod org/eclipse/jdt/launching/internal/org/objectweb/asm/MethodVisitor visitMethodInsn (ILjava/lang/String;Ljava/lang/String;Ljava/lang/String;Z)V 0 0 1 0 -1
ciMethod org/eclipse/jdt/launching/internal/org/objectweb/asm/MethodVisitor visitInvokeDynamicInsn (Ljava/lang/String;Ljava/lang/String;Lorg/eclipse/jdt/launching/internal/org/objectweb/asm/Handle;[Ljava/lang/Object;)V 0 0 1 0 -1
ciMethod org/eclipse/jdt/launching/internal/org/objectweb/asm/MethodVisitor visitJumpInsn (ILorg/eclipse/jdt/launching/internal/org/objectweb/asm/Label;)V 0 0 1 0 -1
ciMethod org/eclipse/jdt/launching/internal/org/objectweb/asm/MethodVisitor visitLabel (Lorg/eclipse/jdt/launching/internal/org/objectweb/asm/Label;)V 0 0 1 0 -1
ciMethod org/eclipse/jdt/launching/internal/org/objectweb/asm/MethodVisitor visitLdcInsn (Ljava/lang/Object;)V 0 0 1 0 -1
ciMethod org/eclipse/jdt/launching/internal/org/objectweb/asm/MethodVisitor visitIincInsn (II)V 0 0 1 0 -1
ciMethod org/eclipse/jdt/launching/internal/org/objectweb/asm/MethodVisitor visitTableSwitchInsn (IILorg/eclipse/jdt/launching/internal/org/objectweb/asm/Label;[Lorg/eclipse/jdt/launching/internal/org/objectweb/asm/Label;)V 0 0 1 0 -1
ciMethod org/eclipse/jdt/launching/internal/org/objectweb/asm/MethodVisitor visitLookupSwitchInsn (Lorg/eclipse/jdt/launching/internal/org/objectweb/asm/Label;[I[Lorg/eclipse/jdt/launching/internal/org/objectweb/asm/Label;)V 0 0 1 0 -1
ciMethod org/eclipse/jdt/launching/internal/org/objectweb/asm/MethodVisitor visitMultiANewArrayInsn (Ljava/lang/String;I)V 0 0 1 0 -1
ciMethod org/eclipse/jdt/launching/internal/org/objectweb/asm/MethodVisitor visitInsnAnnotation (ILorg/eclipse/jdt/launching/internal/org/objectweb/asm/TypePath;Ljava/lang/String;Z)Lorg/eclipse/jdt/launching/internal/org/objectweb/asm/AnnotationVisitor; 0 0 1 0 -1
ciMethod org/eclipse/jdt/launching/internal/org/objectweb/asm/MethodVisitor visitTryCatchBlock (Lorg/eclipse/jdt/launching/internal/org/objectweb/asm/Label;Lorg/eclipse/jdt/launching/internal/org/objectweb/asm/Label;Lorg/eclipse/jdt/launching/internal/org/objectweb/asm/Label;Ljava/lang/String;)V 0 0 1 0 -1
ciMethod org/eclipse/jdt/launching/internal/org/objectweb/asm/MethodVisitor visitLocalVariable (Ljava/lang/String;Ljava/lang/String;Ljava/lang/String;Lorg/eclipse/jdt/launching/internal/org/objectweb/asm/Label;Lorg/eclipse/jdt/launching/internal/org/objectweb/asm/Label;I)V 0 0 1 0 -1
ciMethod org/eclipse/jdt/launching/internal/org/objectweb/asm/MethodVisitor visitLocalVariableAnnotation (ILorg/eclipse/jdt/launching/internal/org/objectweb/asm/TypePath;[Lorg/eclipse/jdt/launching/internal/org/objectweb/asm/Label;[Lorg/eclipse/jdt/launching/internal/org/objectweb/asm/Label;[ILjava/lang/String;Z)Lorg/eclipse/jdt/launching/internal/org/objectweb/asm/AnnotationVisitor; 0 0 1 0 -1
ciMethod org/eclipse/jdt/launching/internal/org/objectweb/asm/MethodVisitor visitLineNumber (ILorg/eclipse/jdt/launching/internal/org/objectweb/asm/Label;)V 0 0 1 0 -1
ciMethod org/eclipse/jdt/launching/internal/org/objectweb/asm/MethodVisitor visitMaxs (II)V 0 0 1 0 -1
ciMethod org/eclipse/jdt/launching/internal/org/objectweb/asm/MethodWriter visitFrame (II[Ljava/lang/Object;I[Ljava/lang/Object;)V 4097 3865 1138 0 -1
ciMethod org/eclipse/jdt/launching/internal/org/objectweb/asm/MethodWriter visitInsn (I)V 2985 1 3568 0 0
ciMethod org/eclipse/jdt/launching/internal/org/objectweb/asm/MethodWriter visitIntInsn (II)V 4097 1 563 0 0
ciMethod org/eclipse/jdt/launching/internal/org/objectweb/asm/MethodWriter visitVarInsn (II)V 2521 1 4829 0 0
ciMethod org/eclipse/jdt/launching/internal/org/objectweb/asm/MethodWriter visitTypeInsn (ILjava/lang/String;)V 4097 1 769 0 0
ciMethod org/eclipse/jdt/launching/internal/org/objectweb/asm/MethodWriter visitFieldInsn (ILjava/lang/String;Ljava/lang/String;Ljava/lang/String;)V 3377 1 1638 0 0
ciMethod org/eclipse/jdt/launching/internal/org/objectweb/asm/MethodWriter visitMethodInsn (ILjava/lang/String;Ljava/lang/String;Ljava/lang/String;Z)V 3601 1 3864 0 -1
ciMethod org/eclipse/jdt/launching/internal/org/objectweb/asm/MethodWriter visitInvokeDynamicInsn (Ljava/lang/String;Ljava/lang/String;Lorg/eclipse/jdt/launching/internal/org/objectweb/asm/Handle;[Ljava/lang/Object;)V 225 1 19 0 0
ciMethod org/eclipse/jdt/launching/internal/org/objectweb/asm/MethodWriter visitJumpInsn (ILorg/eclipse/jdt/launching/internal/org/objectweb/asm/Label;)V 4097 1 1159 0 0
ciMethod org/eclipse/jdt/launching/internal/org/objectweb/asm/MethodWriter visitLabel (Lorg/eclipse/jdt/launching/internal/org/objectweb/asm/Label;)V 3257 1 4062 0 -1
ciMethod org/eclipse/jdt/launching/internal/org/objectweb/asm/MethodWriter visitLdcInsn (Ljava/lang/Object;)V 4097 1 896 0 -1
ciMethod org/eclipse/jdt/launching/internal/org/objectweb/asm/MethodWriter visitIincInsn (II)V 1969 1 76 0 0
ciMethod org/eclipse/jdt/launching/internal/org/objectweb/asm/MethodWriter visitTableSwitchInsn (IILorg/eclipse/jdt/launching/internal/org/objectweb/asm/Label;[Lorg/eclipse/jdt/launching/internal/org/objectweb/asm/Label;)V 297 3353 3 0 -1
ciMethod org/eclipse/jdt/launching/internal/org/objectweb/asm/MethodWriter visitLookupSwitchInsn (Lorg/eclipse/jdt/launching/internal/org/objectweb/asm/Label;[I[Lorg/eclipse/jdt/launching/internal/org/objectweb/asm/Label;)V 121 1561 1 0 -1
ciMethod org/eclipse/jdt/launching/internal/org/objectweb/asm/MethodWriter visitSwitchInsn (Lorg/eclipse/jdt/launching/internal/org/objectweb/asm/Label;[Lorg/eclipse/jdt/launching/internal/org/objectweb/asm/Label;)V 417 1 3 0 -1
ciMethod org/eclipse/jdt/launching/internal/org/objectweb/asm/MethodWriter visitMultiANewArrayInsn (Ljava/lang/String;I)V 0 0 1 0 0
ciMethod org/eclipse/jdt/launching/internal/org/objectweb/asm/MethodWriter visitLocalVariable (Ljava/lang/String;Ljava/lang/String;Ljava/lang/String;Lorg/eclipse/jdt/launching/internal/org/objectweb/asm/Label;Lorg/eclipse/jdt/launching/internal/org/objectweb/asm/Label;I)V 4097 1 1913 0 -1
ciMethod org/eclipse/jdt/launching/internal/org/objectweb/asm/MethodWriter visitLineNumber (ILorg/eclipse/jdt/launching/internal/org/objectweb/asm/Label;)V 2329 1 3152 0 0
ciMethod org/eclipse/jdt/launching/internal/org/objectweb/asm/MethodWriter visitMaxs (II)V 3089 1 623 0 -1
ciMethod org/eclipse/jdt/launching/internal/org/objectweb/asm/MethodWriter computeAllFrames ()V 0 0 1 0 -1
ciMethod org/eclipse/jdt/launching/internal/org/objectweb/asm/MethodWriter computeMaxStackAndLocal ()V 0 0 1 0 -1
ciMethod org/eclipse/jdt/launching/internal/org/objectweb/asm/MethodWriter addSuccessorToCurrentBasicBlock (ILorg/eclipse/jdt/launching/internal/org/objectweb/asm/Label;)V 0 0 1 0 -1
ciMethod org/eclipse/jdt/launching/internal/org/objectweb/asm/MethodWriter endCurrentBasicBlockWithNoSuccessor ()V 0 0 1 0 -1
ciMethod org/eclipse/jdt/launching/internal/org/objectweb/asm/MethodWriter visitFrameStart (III)I 0 0 1 0 -1
ciMethod org/eclipse/jdt/launching/internal/org/objectweb/asm/MethodWriter visitFrameEnd ()V 0 0 1 0 -1
ciMethod org/eclipse/jdt/launching/internal/org/objectweb/asm/MethodWriter putFrameType (Ljava/lang/Object;)V 4097 1 1741 0 -1
ciMethod org/eclipse/jdt/launching/internal/org/objectweb/asm/SymbolTable get (I)Lorg/eclipse/jdt/launching/internal/org/objectweb/asm/SymbolTable$Entry; 4097 1 17882 0 0
ciMethod org/eclipse/jdt/launching/internal/org/objectweb/asm/SymbolTable put (Lorg/eclipse/jdt/launching/internal/org/objectweb/asm/SymbolTable$Entry;)Lorg/eclipse/jdt/launching/internal/org/objectweb/asm/SymbolTable$Entry; 3785 3593 6709 0 0
ciMethod org/eclipse/jdt/launching/internal/org/objectweb/asm/SymbolTable addConstant (Ljava/lang/Object;)Lorg/eclipse/jdt/launching/internal/org/objectweb/asm/Symbol; 4097 1 1053 0 -1
ciMethod org/eclipse/jdt/launching/internal/org/objectweb/asm/SymbolTable addConstantClass (Ljava/lang/String;)Lorg/eclipse/jdt/launching/internal/org/objectweb/asm/Symbol; 2081 1 3942 0 0
ciMethod org/eclipse/jdt/launching/internal/org/objectweb/asm/SymbolTable addConstantFieldref (Ljava/lang/String;Ljava/lang/String;Ljava/lang/String;)Lorg/eclipse/jdt/launching/internal/org/objectweb/asm/Symbol; 3377 1 1638 0 0
ciMethod org/eclipse/jdt/launching/internal/org/objectweb/asm/SymbolTable addConstantMethodref (Ljava/lang/String;Ljava/lang/String;Ljava/lang/String;Z)Lorg/eclipse/jdt/launching/internal/org/objectweb/asm/Symbol; 3705 1 3888 0 -1
ciMethod org/eclipse/jdt/launching/internal/org/objectweb/asm/SymbolTable addConstantMemberReference (ILjava/lang/String;Ljava/lang/String;Ljava/lang/String;)Lorg/eclipse/jdt/launching/internal/org/objectweb/asm/SymbolTable$Entry; 2081 577 5526 0 0
ciMethod org/eclipse/jdt/launching/internal/org/objectweb/asm/SymbolTable addConstantNameAndType (Ljava/lang/String;Ljava/lang/String;)I 1065 369 1696 0 0
ciMethod org/eclipse/jdt/launching/internal/org/objectweb/asm/SymbolTable addConstantUtf8 (Ljava/lang/String;)I 3817 825 6862 0 4512
ciMethod org/eclipse/jdt/launching/internal/org/objectweb/asm/SymbolTable addConstantInvokeDynamic (Ljava/lang/String;Ljava/lang/String;Lorg/eclipse/jdt/launching/internal/org/objectweb/asm/Handle;[Ljava/lang/Object;)Lorg/eclipse/jdt/launching/internal/org/objectweb/asm/Symbol; 225 1 19 0 -1
ciMethod org/eclipse/jdt/launching/internal/org/objectweb/asm/SymbolTable addConstantUtf8Reference (ILjava/lang/String;)Lorg/eclipse/jdt/launching/internal/org/objectweb/asm/Symbol; 2121 249 5320 0 0
ciMethod org/eclipse/jdt/launching/internal/org/objectweb/asm/SymbolTable hash (ILjava/lang/String;)I 4097 1 12241 0 0
ciMethod org/eclipse/jdt/launching/internal/org/objectweb/asm/SymbolTable hash (ILjava/lang/String;Ljava/lang/String;)I 4097 1 1696 0 0
ciMethod org/eclipse/jdt/launching/internal/org/objectweb/asm/SymbolTable hash (ILjava/lang/String;Ljava/lang/String;Ljava/lang/String;)I 2089 1 5526 0 0
ciMethod org/eclipse/jdt/launching/internal/org/objectweb/asm/Symbol <init> (IILjava/lang/String;Ljava/lang/String;Ljava/lang/String;J)V 3785 1 5656 0 96
ciMethod org/eclipse/jdt/launching/internal/org/objectweb/asm/Symbol getArgumentsAndReturnSizes ()I 793 1 855 0 -1
ciMethod org/eclipse/jdt/launching/internal/org/objectweb/asm/SymbolTable$Entry <init> (IILjava/lang/String;Ljava/lang/String;Ljava/lang/String;JI)V 1081 1 1719 0 0
ciMethod org/eclipse/jdt/launching/internal/org/objectweb/asm/SymbolTable$Entry <init> (IILjava/lang/String;I)V 2761 1 3616 0 0
ciMethod org/eclipse/jdt/launching/internal/org/objectweb/asm/SymbolTable$Entry <init> (IILjava/lang/String;Ljava/lang/String;I)V 4097 1 1561 0 0
ciMethod org/eclipse/jdt/launching/internal/org/objectweb/asm/ByteVector <init> ()V 1697 1 1933 0 0
ciMethod org/eclipse/jdt/launching/internal/org/objectweb/asm/ByteVector putByte (I)Lorg/eclipse/jdt/launching/internal/org/objectweb/asm/ByteVector; 3617 1 6596 0 288
ciMethod org/eclipse/jdt/launching/internal/org/objectweb/asm/ByteVector put11 (II)Lorg/eclipse/jdt/launching/internal/org/objectweb/asm/ByteVector; 1441 1 2637 0 0
ciMethod org/eclipse/jdt/launching/internal/org/objectweb/asm/ByteVector putShort (I)Lorg/eclipse/jdt/launching/internal/org/objectweb/asm/ByteVector; 2137 1 8428 0 448
ciMethod org/eclipse/jdt/launching/internal/org/objectweb/asm/ByteVector put12 (II)Lorg/eclipse/jdt/launching/internal/org/objectweb/asm/ByteVector; 2137 1 5854 0 576
ciMethod org/eclipse/jdt/launching/internal/org/objectweb/asm/ByteVector putInt (I)Lorg/eclipse/jdt/launching/internal/org/objectweb/asm/ByteVector; 4097 1 3368 0 -1
ciMethod org/eclipse/jdt/launching/internal/org/objectweb/asm/ByteVector put122 (III)Lorg/eclipse/jdt/launching/internal/org/objectweb/asm/ByteVector; 2041 1 3256 0 0
ciMethod org/eclipse/jdt/launching/internal/org/objectweb/asm/ByteVector putUTF8 (Ljava/lang/String;)Lorg/eclipse/jdt/launching/internal/org/objectweb/asm/ByteVector; 1425 26441 1238 0 -1
ciMethod org/eclipse/jdt/launching/internal/org/objectweb/asm/ByteVector putByteArray ([BII)Lorg/eclipse/jdt/launching/internal/org/objectweb/asm/ByteVector; 3105 1 2235 0 -1
ciMethod org/eclipse/jdt/launching/internal/org/objectweb/asm/ByteVector enlarge (I)V 145 1 598 0 0
ciMethod org/eclipse/jdt/launching/internal/org/objectweb/asm/Frame setInputFrameFromApiFormat (Lorg/eclipse/jdt/launching/internal/org/objectweb/asm/SymbolTable;I[Ljava/lang/Object;I[Ljava/lang/Object;)V 0 0 1 0 -1
ciMethod org/eclipse/jdt/launching/internal/org/objectweb/asm/Frame execute (IILorg/eclipse/jdt/launching/internal/org/objectweb/asm/Symbol;Lorg/eclipse/jdt/launching/internal/org/objectweb/asm/SymbolTable;)V 0 0 1 0 -1
ciMethod org/eclipse/jdt/launching/internal/org/objectweb/asm/Frame accept (Lorg/eclipse/jdt/launching/internal/org/objectweb/asm/MethodWriter;)V 0 0 1 0 -1
ciMethod org/eclipse/jdt/launching/internal/org/objectweb/asm/Label <init> ()V 1409 1 4053 0 0
ciMethod org/eclipse/jdt/launching/internal/org/objectweb/asm/Label getCanonicalInstance ()Lorg/eclipse/jdt/launching/internal/org/objectweb/asm/Label; 0 0 1 0 -1
ciMethod org/eclipse/jdt/launching/internal/org/objectweb/asm/Label addLineNumber (I)V 2201 1 3142 0 -1
ciMethod org/eclipse/jdt/launching/internal/org/objectweb/asm/Label accept (Lorg/eclipse/jdt/launching/internal/org/objectweb/asm/MethodVisitor;Z)V 4001 1 3707 0 0
ciMethod org/eclipse/jdt/launching/internal/org/objectweb/asm/Label put (Lorg/eclipse/jdt/launching/internal/org/objectweb/asm/ByteVector;IZ)V 4097 1 1180 0 -1
ciMethod org/eclipse/jdt/launching/internal/org/objectweb/asm/Label resolve ([BI)Z 3913 705 4062 0 -1
ciMethodData org/eclipse/jdt/launching/internal/org/objectweb/asm/ClassReader readUnsignedShort (I)I 2 44052 orig 264 152 82 98 114 0 0 0 0 88 248 57 21 0 0 0 0 40 1 0 0 0 0 0 0 0 0 0 0 0 0 0 0 0 0 0 0 0 0 0 0 0 0 0 0 0 0 0 0 0 0 0 0 0 0 0 0 0 0 0 0 0 0 0 0 0 0 0 0 0 0 0 0 0 0 0 0 0 0 0 0 77 68 79 32 101 120 116 114 97 32 100 97 116 97 32 108 111 99 107 0 0 0 0 0 0 0 0 0 0 0 0 0 0 0 0 0 0 0 0 0 0 0 0 0 0 0 0 0 0 0 0 0 0 0 0 0 0 0 0 0 0 0 0 0 0 0 0 0 0 0 0 0 0 0 0 0 0 0 0 0 0 0 0 0 0 0 0 0 0 0 0 0 0 0 0 0 0 0 0 0 0 0 0 0 0 0 0 0 0 0 0 0 0 0 0 0 0 0 0 0 0 0 0 0 0 0 0 0 0 0 0 0 0 0 0 0 7 1 0 0 105 88 5 0 1 0 0 0 0 0 0 0 0 0 0 0 2 0 0 0 0 0 3 0 1 0 0 0 0 0 0 0 255 255 255 255 0 0 0 0 0 0 0 0 data 0 oops 0
ciMethod org/eclipse/jdt/launching/internal/org/objectweb/asm/Type getObjectType (Ljava/lang/String;)Lorg/eclipse/jdt/launching/internal/org/objectweb/asm/Type; 385 1 58 0 -1
ciMethod org/eclipse/jdt/launching/internal/org/objectweb/asm/Type getMethodType (Ljava/lang/String;)Lorg/eclipse/jdt/launching/internal/org/objectweb/asm/Type; 225 1 38 0 -1
ciMethod org/eclipse/jdt/launching/internal/org/objectweb/asm/Type getArgumentsAndReturnSizes (Ljava/lang/String;)I 281 2425 160 0 -1
ciMethodData org/eclipse/jdt/launching/internal/org/objectweb/asm/ByteVector putShort (I)Lorg/eclipse/jdt/launching/internal/org/objectweb/asm/ByteVector; 2 8428 orig 264 152 82 98 114 0 0 0 0 160 207 59 21 0 0 0 0 88 1 0 0 0 0 0 0 0 0 0 0 0 0 0 0 0 0 0 0 0 0 0 0 0 0 0 0 0 0 0 0 0 0 0 0 0 0 0 0 0 0 0 0 0 0 0 0 0 0 0 0 0 0 0 0 0 0 0 0 0 0 0 0 77 68 79 32 101 120 116 114 97 32 100 97 116 97 32 108 111 99 107 0 0 0 0 0 0 0 0 0 0 0 0 0 0 0 0 0 0 0 0 0 0 0 0 0 0 0 0 0 0 0 0 0 0 0 0 0 0 0 0 0 0 0 0 0 0 0 0 0 0 0 0 0 0 0 0 0 0 0 0 0 0 0 0 0 0 0 0 0 0 0 0 0 0 0 0 0 0 0 0 0 0 0 0 0 0 0 0 0 0 0 0 0 0 0 0 0 0 0 0 0 0 0 0 0 0 0 0 0 0 0 0 0 0 0 0 0 11 1 0 0 9 255 0 0 1 0 0 0 0 0 0 0 0 0 0 0 2 0 0 0 0 0 6 0 2 0 0 0 48 0 0 0 255 255 255 255 7 0 13 0 0 0 0 0 data 6 0xd0007 0x1fb0 0x30 0x31 0x120002 0x31 oops 0
ciMethodData org/eclipse/jdt/launching/internal/org/objectweb/asm/SymbolTable get (I)Lorg/eclipse/jdt/launching/internal/org/objectweb/asm/SymbolTable$Entry; 2 18476 orig 264 152 82 98 114 0 0 0 0 176 117 59 21 0 0 0 0 40 1 0 0 0 0 0 0 0 0 0 0 0 0 0 0 0 0 0 0 0 0 0 0 0 0 0 0 0 0 0 0 0 0 0 0 0 0 0 0 0 0 0 0 0 0 0 0 0 0 0 0 0 0 0 0 0 0 0 0 0 0 0 0 77 68 79 32 101 120 116 114 97 32 100 97 116 97 32 108 111 99 107 0 0 0 0 0 0 0 0 0 0 0 0 0 0 0 0 0 0 0 0 0 0 0 0 0 0 0 0 0 0 0 0 0 0 0 0 0 0 0 0 0 0 0 0 0 0 0 0 0 0 0 0 0 0 0 0 0 0 0 0 0 0 0 0 0 0 0 0 0 0 0 0 0 0 0 0 0 0 0 0 0 0 0 0 0 0 0 0 0 0 0 0 0 0 0 0 0 0 0 0 0 0 0 0 0 0 0 0 0 0 0 0 0 0 0 0 0 0 2 0 0 89 49 2 0 1 0 0 0 0 0 0 0 0 0 0 0 2 0 0 0 0 0 3 0 1 0 0 0 0 0 0 0 255 255 255 255 0 0 0 0 0 0 0 0 data 0 oops 0
ciMethodData org/eclipse/jdt/launching/internal/org/objectweb/asm/ClassReader readUTF8 (I[C)Ljava/lang/String; 2 22699 orig 264 152 82 98 114 0 0 0 0 208 251 57 21 0 0 0 0 248 1 0 0 80 0 0 0 0 0 0 0 0 0 0 0 0 0 0 0 0 0 0 0 0 0 0 0 0 0 0 0 0 0 0 0 0 0 0 0 0 0 0 0 0 0 0 0 0 0 0 0 0 0 0 0 0 0 0 0 0 0 0 0 77 68 79 32 101 120 116 114 97 32 100 97 116 97 32 108 111 99 107 0 0 0 0 0 0 0 0 0 0 0 0 0 0 0 0 0 0 0 0 0 0 0 0 0 0 0 0 0 0 0 0 0 0 0 0 0 0 0 0 0 0 0 0 0 0 0 0 0 0 0 0 0 0 0 0 0 0 0 0 0 0 0 0 0 0 0 0 0 0 0 0 0 0 0 0 0 0 0 0 0 0 0 0 0 0 0 0 0 0 0 0 0 0 0 0 0 0 0 0 0 0 0 0 0 0 0 0 0 0 0 0 0 0 0 0 0 0 2 0 0 9 181 2 0 1 0 0 0 0 0 0 0 0 0 0 0 2 0 0 0 0 0 8 0 2 0 0 0 160 0 0 0 255 255 255 255 5 0 2 0 0 0 0 0 data 20 0x20005 0x0 0x17e58710 0x56a1 0x0 0x0 0x70007 0xb3 0x40 0x55ee 0xb0007 0x55ed 0x20 0x1 0x130005 0xa8 0x17e58710 0x5545 0x0 0x0 oops 2